<?xml version="1.0" encoding="UTF-8"?>
<!-- Generated by org.testng.reporters.JUnitReportReporter -->
<testsuite hostname="IM-RT-LP-1455" failures="0" tests="2" name="TestCases.LogoutTestcases" time="8.386" errors="0" timestamp="2022-12-20T15:43:11 IST" skipped="0">
  <testcase classname="TestCases.LogoutTestcases" name="validateLogout" time="4.211"/>
  <system-out/>
  <testcase classname="TestCases.LogoutTestcases" name="validateLogout" time="4.175"/>
  <system-out/>
</testsuite> <!-- TestCases.LogoutTestcases -->
