<?xml version="1.0" encoding="UTF-8"?>
<!-- Generated by org.testng.reporters.JUnitReportReporter -->
<testsuite hostname="IM-RT-LP-1455" failures="0" tests="10" name="TestCases.LoginTestcases" time="20.308" errors="0" timestamp="2022-12-20T15:43:11 IST" skipped="0">
  <testcase classname="TestCases.LoginTestcases" name="launchURL" time="1.289"/>
  <system-out>
    <![CDATA[https://www.saucedemo.com/]]>
  </system-out>
  <testcase classname="TestCases.LoginTestcases" name="launchURL" time="1.098"/>
  <system-out>
    <![CDATA[https://www.saucedemo.com/]]>
  </system-out>
  <testcase classname="TestCases.LoginTestcases" name="validate_loginpageWithInvalidCredtianals" time="4.385"/>
  <system-out>
    <![CDATA[Epic sadface: Username and password do not match any user in this service]]>
  </system-out>
  <testcase classname="TestCases.LoginTestcases" name="validate_loginpageWithInvalidCredtianals" time="4.379"/>
  <system-out>
    <![CDATA[Epic sadface: Username and password do not match any user in this service]]>
  </system-out>
  <testcase classname="TestCases.LoginTestcases" name="validate_loginWithValidEmailAndInvalidPassword" time="4.292"/>
  <system-out>
    <![CDATA[Epic sadface: Username and password do not match any user in this service]]>
  </system-out>
  <testcase classname="TestCases.LoginTestcases" name="validate_loginWithValidEmailAndInvalidPassword" time="4.297"/>
  <system-out>
    <![CDATA[Epic sadface: Username and password do not match any user in this service]]>
  </system-out>
  <testcase classname="TestCases.LoginTestcases" name="validate_loginpage" time="0.252"/>
  <system-out>
    <![CDATA[Login successfully]]>
  </system-out>
  <testcase classname="TestCases.LoginTestcases" name="validate_loginpage" time="0.277"/>
  <system-out>
    <![CDATA[Login successfully]]>
  </system-out>
  <testcase classname="TestCases.LoginTestcases" name="validate_url" time="0.025"/>
  <system-out/>
  <testcase classname="TestCases.LoginTestcases" name="validate_url" time="0.014"/>
  <system-out/>
</testsuite> <!-- TestCases.LoginTestcases -->
