<?xml version="1.0" encoding="UTF-8"?>
<!-- Generated by org.testng.reporters.JUnitReportReporter -->
<testsuite hostname="IM-RT-LP-1455" failures="0" tests="6" name="TestCases.InventoryTestcases" time="38.028" errors="0" timestamp="2022-12-20T15:43:11 IST" skipped="0">
  <testcase classname="TestCases.InventoryTestcases" name="validateBackPack" time="6.244"/>
  <system-out>
    <![CDATA[Backpack]]>
  </system-out>
  <testcase classname="TestCases.InventoryTestcases" name="validateBackPack" time="6.202"/>
  <system-out>
    <![CDATA[Backpack]]>
  </system-out>
  <testcase classname="TestCases.InventoryTestcases" name="shirt" time="4.165"/>
  <system-out/>
  <testcase classname="TestCases.InventoryTestcases" name="shirt" time="4.126"/>
  <system-out/>
  <testcase classname="TestCases.InventoryTestcases" name="cartItem" time="8.671"/>
  <system-out/>
  <testcase classname="TestCases.InventoryTestcases" name="cartItem" time="8.620"/>
  <system-out/>
</testsuite> <!-- TestCases.InventoryTestcases -->
